









6 8 5 4 3 7 2 1







1 6 2 5 3 4
























3 7 10 8 5 1 2 6 4 9












1 2 4 3
3 4 6 7 1 10 9 2 8 5





3 4 2 1






6 1 8 3 9 7 10 2 5 4

















6 1 3 4 2 5




5 6 7 4 8 3 2 1






5 6 1 2 7 8 3 4
9 10 5 1 2 7 8 6 4 3








4 5 1 6 2 3
































































2 4 1 5 3 6





















2 3 1 6 4 5














11 9 5 7 14 1 13 8 3 6 10 12 2 4















2 5 3 6 4 1

11 12 10 3 5 2 7 4 8 6 1 9








1 6 3 5 2 8 4 7

2 8 7 10 4 3 13 6 14 5 12 9 11 1

8 7 5 6 3 2 1 4












6 3 8 1 9 5 7 4 2 10






















7 1 4 5 8 3 2 6



5 1 6 2 3 4





1 4 2 3
















1 6 2 4 3 5

1 8 2 3 6 7 4 5




























1 6 4 2 5 3






















9 14 5 3 12 6 1 8 7 4 10 13 11 2
1 5 2 6 3 7 4 8


















2 6 4 5 1 3


1 2 6 4 5 3














3 10 2 7 9 8 1 5 6 4





5 1 3 6 4 2

2 8 6 1 5 4 10 9 7 3

























3 2 8 9 1 4 7 5 10 6

4 6 5 2 1 3











3 1 2 4





















1 3 7 6 2 5 4 8












1 4 2 3





2 3 10 6 7 5 9 8 1 4




5 2 4 1 3 6


